
DTXMania powered by YAMAHA Silent Session Drums
Release: 0.0.0.0

2025/03/02 18:06:53.284 [INFO] ----------------------
2025/03/02 18:06:53.287 [INFO] ■ アプリケーションの初期化
2025/03/02 18:06:53.288 [INFO] OS Version: Microsoft Windows NT 10.0.26120.0
2025/03/02 18:06:53.288 [INFO] ProcessorCount: 16
2025/03/02 18:06:53.288 [INFO] CLR Version: 7.0.0
2025/03/02 18:06:53.288 [INFO] スキンの初期化を行います。
2025/03/02 18:06:53.309 [INFO]     SkinPath検出: C:\Users\kirei\Documents\GitHub\L-Taiko-Build\System\L-Taiko-R\
2025/03/02 18:06:53.309 [INFO]     SkinPath検出: C:\Users\kirei\Documents\GitHub\L-Taiko-Build\System\Moshir's OpenTaiko Skin\
2025/03/02 18:06:53.309 [INFO]     SkinPath入力: C:\Users\kirei\Documents\GitHub\L-Taiko-Build\System\L-Taiko-R\
2025/03/02 18:06:53.312 [INFO]     SkinPath設定: C:\Users\kirei\Documents\GitHub\L-Taiko-Build\System\L-Taiko-R\
2025/03/02 18:06:53.313 [INFO]     システムサウンドを読み込みました。(Sounds\Move.wav)
2025/03/02 18:06:53.313 [INFO]     システムサウンドを読み込みました。(Sounds\Decide.wav)
2025/03/02 18:06:53.313 [INFO]     システムサウンドを読み込みました。(Sounds\Change.wav)
2025/03/02 18:06:53.313 [INFO]     システムサウンドを読み込みました。(Sounds\Cancel.wav)
2025/03/02 18:06:53.313 [WARNING]     ファイルが存在しません。: Sounds\Audience.ogg
2025/03/02 18:06:53.313 [INFO]     システムサウンドを読み込みました。(Sounds\Audience.ogg)
2025/03/02 18:06:53.313 [WARNING]     ファイルが存在しません。: Sounds\Game start.ogg
2025/03/02 18:06:53.313 [INFO]     システムサウンドを読み込みました。(Sounds\Game start.ogg)
2025/03/02 18:06:53.313 [WARNING]     ファイルが存在しません。: Sounds\Full combo.ogg
2025/03/02 18:06:53.313 [INFO]     システムサウンドを読み込みました。(Sounds\Full combo.ogg)
2025/03/02 18:06:53.313 [INFO]     システムサウンドを読み込みました。(Sounds\BGM\Title.ogg)
2025/03/02 18:06:53.313 [INFO]     システムサウンドを読み込みました。(Sounds\BGM\SongSelect.ogg)
2025/03/02 18:06:53.313 [INFO]     システムサウンドを読み込みました。(Sounds\balloon.wav)
2025/03/02 18:06:53.314 [INFO]     システムサウンドを読み込みました。(Sounds\SongDecide.wav)
2025/03/02 18:06:53.314 [INFO]     システムサウンドを読み込みました。(Sounds\BGM\Result_In.ogg)
2025/03/02 18:06:53.314 [WARNING]     ファイルが存在しません。: Sounds\Resume.ogg
2025/03/02 18:06:53.314 [INFO]     システムサウンドを読み込みました。(Sounds\Resume.ogg)
2025/03/02 18:06:53.314 [WARNING]     ファイルが存在しません。: Sounds\Pause.ogg
2025/03/02 18:06:53.314 [INFO]     システムサウンドを読み込みました。(Sounds\Pause.ogg)
2025/03/02 18:06:53.314 [WARNING]     ファイルが存在しません。: Sounds\Scroll.ogg
2025/03/02 18:06:53.314 [INFO]     システムサウンドを読み込みました。(Sounds\Scroll.ogg)
2025/03/02 18:06:53.314 [WARNING]     ファイルが存在しません。: Sounds\Jump Point.ogg
2025/03/02 18:06:53.314 [INFO]     システムサウンドを読み込みました。(Sounds\Jump Point.ogg)
2025/03/02 18:06:53.314 [WARNING]     ファイルが存在しません。: Sounds\Traning Skip.ogg
2025/03/02 18:06:53.314 [INFO]     システムサウンドを読み込みました。(Sounds\Traning Skip.ogg)
2025/03/02 18:06:53.474 [ERROR]     System.IndexOutOfRangeException: Index was outside the bounds of the array.
   at TJAPlayer3.CSkin.t文字列から読み込み(String strAllSettings) in C:\Users\kirei\Documents\GitHub\L-Taiko\src\L-Taiko\src\Common\CSkin.cs:line 3855
2025/03/02 18:06:53.475 [ERROR]     例外が発生しましたが処理を継続します。 (6a32cc37-1527-412e-968a-512c1f0135cd)
2025/03/02 18:06:53.476 [ERROR]     System.FormatException: The input string '485 ;2桁のとき' was not in a correct format.
   at System.Number.ThrowOverflowOrFormatException(ParsingStatus status, ReadOnlySpan`1 value, TypeCode type)
   at System.Int32.Parse(String s)
   at TJAPlayer3.CSkin.t文字列から読み込み(String strAllSettings) in C:\Users\kirei\Documents\GitHub\L-Taiko\src\L-Taiko\src\Common\CSkin.cs:line 5701
2025/03/02 18:06:53.476 [ERROR]     例外が発生しましたが処理を継続します。 (6a32cc37-1527-412e-968a-512c1f0135cd)
2025/03/02 18:06:53.476 [ERROR]     System.FormatException: The input string '449　;3桁のとき' was not in a correct format.
   at System.Number.ThrowOverflowOrFormatException(ParsingStatus status, ReadOnlySpan`1 value, TypeCode type)
   at System.Int32.Parse(String s)
   at TJAPlayer3.CSkin.t文字列から読み込み(String strAllSettings) in C:\Users\kirei\Documents\GitHub\L-Taiko\src\L-Taiko\src\Common\CSkin.cs:line 5719
2025/03/02 18:06:53.476 [ERROR]     例外が発生しましたが処理を継続します。 (6a32cc37-1527-412e-968a-512c1f0135cd)
2025/03/02 18:06:53.477 [ERROR]     System.FormatException: The input string '449 ;4桁のとき' was not in a correct format.
   at System.Number.ThrowOverflowOrFormatException(ParsingStatus status, ReadOnlySpan`1 value, TypeCode type)
   at System.Int32.Parse(String s)
   at TJAPlayer3.CSkin.t文字列から読み込み(String strAllSettings) in C:\Users\kirei\Documents\GitHub\L-Taiko\src\L-Taiko\src\Common\CSkin.cs:line 5737
2025/03/02 18:06:53.477 [ERROR]     例外が発生しましたが処理を継続します。 (6a32cc37-1527-412e-968a-512c1f0135cd)
2025/03/02 18:06:53.479 [ERROR]     System.FormatException: The input string '0.92f' was not in a correct format.
   at System.Number.ThrowOverflowOrFormatException(ParsingStatus status, ReadOnlySpan`1 value, TypeCode type)
   at System.Single.Parse(String s)
   at TJAPlayer3.CSkin.t文字列から読み込み(String strAllSettings) in C:\Users\kirei\Documents\GitHub\L-Taiko\src\L-Taiko\src\Common\CSkin.cs:line 6467
2025/03/02 18:06:53.479 [ERROR]     例外が発生しましたが処理を継続します。 (6a32cc37-1527-412e-968a-512c1f0135cd)
2025/03/02 18:06:53.479 [ERROR]     System.IndexOutOfRangeException: Index was outside the bounds of the array.
   at TJAPlayer3.CSkin.t文字列から読み込み(String strAllSettings) in C:\Users\kirei\Documents\GitHub\L-Taiko\src\L-Taiko\src\Common\CSkin.cs:line 7069
2025/03/02 18:06:53.479 [ERROR]     例外が発生しましたが処理を継続します。 (6a32cc37-1527-412e-968a-512c1f0135cd)
2025/03/02 18:06:53.480 [ERROR]     System.IndexOutOfRangeException: Index was outside the bounds of the array.
   at TJAPlayer3.CSkin.t文字列から読み込み(String strAllSettings) in C:\Users\kirei\Documents\GitHub\L-Taiko\src\L-Taiko\src\Common\CSkin.cs:line 7079
2025/03/02 18:06:53.480 [ERROR]     例外が発生しましたが処理を継続します。 (6a32cc37-1527-412e-968a-512c1f0135cd)
2025/03/02 18:06:53.480 [ERROR]     System.IndexOutOfRangeException: Index was outside the bounds of the array.
   at TJAPlayer3.CSkin.t文字列から読み込み(String strAllSettings) in C:\Users\kirei\Documents\GitHub\L-Taiko\src\L-Taiko\src\Common\CSkin.cs:line 7089
2025/03/02 18:06:53.480 [ERROR]     例外が発生しましたが処理を継続します。 (6a32cc37-1527-412e-968a-512c1f0135cd)
2025/03/02 18:06:53.481 [ERROR]     System.IndexOutOfRangeException: Index was outside the bounds of the array.
   at TJAPlayer3.CSkin.t文字列から読み込み(String strAllSettings) in C:\Users\kirei\Documents\GitHub\L-Taiko\src\L-Taiko\src\Common\CSkin.cs:line 7099
2025/03/02 18:06:53.481 [ERROR]     例外が発生しましたが処理を継続します。 (6a32cc37-1527-412e-968a-512c1f0135cd)
2025/03/02 18:06:53.481 [ERROR]     System.IndexOutOfRangeException: Index was outside the bounds of the array.
   at TJAPlayer3.CSkin.t文字列から読み込み(String strAllSettings) in C:\Users\kirei\Documents\GitHub\L-Taiko\src\L-Taiko\src\Common\CSkin.cs:line 7109
2025/03/02 18:06:53.481 [ERROR]     例外が発生しましたが処理を継続します。 (6a32cc37-1527-412e-968a-512c1f0135cd)
2025/03/02 18:06:53.482 [ERROR]     System.IndexOutOfRangeException: Index was outside the bounds of the array.
   at TJAPlayer3.CSkin.t文字列から読み込み(String strAllSettings) in C:\Users\kirei\Documents\GitHub\L-Taiko\src\L-Taiko\src\Common\CSkin.cs:line 7249
2025/03/02 18:06:53.482 [ERROR]     例外が発生しましたが処理を継続します。 (6a32cc37-1527-412e-968a-512c1f0135cd)
2025/03/02 18:06:53.482 [ERROR]     System.IndexOutOfRangeException: Index was outside the bounds of the array.
   at TJAPlayer3.CSkin.t文字列から読み込み(String strAllSettings) in C:\Users\kirei\Documents\GitHub\L-Taiko\src\L-Taiko\src\Common\CSkin.cs:line 7458
2025/03/02 18:06:53.482 [ERROR]     例外が発生しましたが処理を継続します。 (6a32cc37-1527-412e-968a-512c1f0135cd)
2025/03/02 18:06:53.483 [ERROR]     System.IndexOutOfRangeException: Index was outside the bounds of the array.
   at TJAPlayer3.CSkin.t文字列から読み込み(String strAllSettings) in C:\Users\kirei\Documents\GitHub\L-Taiko\src\L-Taiko\src\Common\CSkin.cs:line 7740
2025/03/02 18:06:53.483 [ERROR]     例外が発生しましたが処理を継続します。 (6a32cc37-1527-412e-968a-512c1f0135cd)
2025/03/02 18:06:53.483 [ERROR]     System.IndexOutOfRangeException: Index was outside the bounds of the array.
   at TJAPlayer3.CSkin.t文字列から読み込み(String strAllSettings) in C:\Users\kirei\Documents\GitHub\L-Taiko\src\L-Taiko\src\Common\CSkin.cs:line 7750
2025/03/02 18:06:53.483 [ERROR]     例外が発生しましたが処理を継続します。 (6a32cc37-1527-412e-968a-512c1f0135cd)
2025/03/02 18:06:53.484 [ERROR]     System.IndexOutOfRangeException: Index was outside the bounds of the array.
   at TJAPlayer3.CSkin.t文字列から読み込み(String strAllSettings) in C:\Users\kirei\Documents\GitHub\L-Taiko\src\L-Taiko\src\Common\CSkin.cs:line 7760
2025/03/02 18:06:53.484 [ERROR]     例外が発生しましたが処理を継続します。 (6a32cc37-1527-412e-968a-512c1f0135cd)
2025/03/02 18:06:53.484 [ERROR]     System.IndexOutOfRangeException: Index was outside the bounds of the array.
   at TJAPlayer3.CSkin.t文字列から読み込み(String strAllSettings) in C:\Users\kirei\Documents\GitHub\L-Taiko\src\L-Taiko\src\Common\CSkin.cs:line 7770
2025/03/02 18:06:53.484 [ERROR]     例外が発生しましたが処理を継続します。 (6a32cc37-1527-412e-968a-512c1f0135cd)
2025/03/02 18:06:53.485 [ERROR]     System.IndexOutOfRangeException: Index was outside the bounds of the array.
   at TJAPlayer3.CSkin.t文字列から読み込み(String strAllSettings) in C:\Users\kirei\Documents\GitHub\L-Taiko\src\L-Taiko\src\Common\CSkin.cs:line 8682
2025/03/02 18:06:53.485 [ERROR]     例外が発生しましたが処理を継続します。 (6a32cc37-1527-412e-968a-512c1f0135cd)
2025/03/02 18:06:53.489 [INFO]     スキンの初期化を完了しました。
2025/03/02 18:06:53.503 [INFO]     タイマの初期化を行います。
2025/03/02 18:06:53.504 [INFO]         タイマの初期化を完了しました。
2025/03/02 18:06:53.504 [INFO]     FPSカウンタの初期化を行います。
2025/03/02 18:06:53.504 [INFO]         FPSカウンタを生成しました。
2025/03/02 18:06:53.504 [INFO]     文字コンソールの初期化を行います。
2025/03/02 18:06:53.504 [INFO]         文字コンソールを生成しました。
2025/03/02 18:06:53.520 [INFO]         文字コンソールを活性化しました。
2025/03/02 18:06:53.520 [INFO]         文字コンソールの初期化を完了しました。
2025/03/02 18:06:53.520 [INFO]     DirectInput, MIDI入力の初期化を行います。
2025/03/02 18:06:53.537 [INFO]         Silk.NET Mouse (via GLFW) を生成しました。
2025/03/02 18:06:53.539 [INFO]         DirectInput の初期化を完了しました。
2025/03/02 18:06:53.539 [INFO]     パッドの初期化を行います。
2025/03/02 18:06:53.539 [INFO]         パッドの初期化を完了しました。
2025/03/02 18:06:53.539 [INFO]     サウンドデバイスの初期化を行います。
2025/03/02 18:06:53.543 [INFO]         BASS (WASAPI) の初期化を開始します。
2025/03/02 18:06:53.577 [INFO]         サウンドデバイス一覧:
2025/03/02 18:06:53.584 [INFO]         Sound Device #0: No sound: IsDefault=False, isEnabled=True
2025/03/02 18:06:53.584 [INFO]         Sound Device #1: Default: IsDefault=True, isEnabled=True
2025/03/02 18:06:53.584 [INFO]         Sound Device #2: 2 - VG271 Z (AMD High Definition Audio Device): IsDefault=False, isEnabled=True
2025/03/02 18:06:53.584 [INFO]         Sound Device #3: スピーカー (Realtek(R) Audio): IsDefault=False, isEnabled=True
2025/03/02 18:06:53.584 [INFO]         Sound Device #4: スピーカー (Voice Changer Virtual Audio Device (WDM)): IsDefault=False, isEnabled=True
2025/03/02 18:06:53.584 [INFO]         Sound Device #5: CABLE Input (VB-Audio Virtual Cable): IsDefault=False, isEnabled=True
2025/03/02 18:06:53.584 [INFO]         Sound Device #6: VoiceMeeter Aux Input (VB-Audio VoiceMeeter AUX VAIO): IsDefault=False, isEnabled=True
2025/03/02 18:06:53.584 [INFO]         Sound Device #7: VoiceMeeter Input (VB-Audio VoiceMeeter VAIO): IsDefault=False, isEnabled=True
2025/03/02 18:06:53.584 [INFO]         Sound Device #8: ヘッドホン (Realtek(R) Audio): IsDefault=True, isEnabled=True
2025/03/02 18:06:53.713 [INFO]         WASAPI Device #24: ヘッドホン (Realtek(R) Audio): IsDefault=True, defPeriod=0.010666700080037117s, minperiod=0.003000000026077032s, mixchans=2, mixfreq=48000
2025/03/02 18:06:53.713 [INFO]         Start Bass_Init(device=0(fixed value: no sound), deviceInfo.mixfreq=48000, BASS_DEVICE_DEFAULT, Zero)
2025/03/02 18:06:53.764 [INFO]         BASS を初期化しました。(WASAPI共有モード, 50ms, 更新間隔10.666700080037117ms)
2025/03/02 18:06:53.772 [INFO]         BASS_CONFIG_UpdatePeriod=0
2025/03/02 18:06:53.772 [INFO]         BASS_CONFIG_UpdateThreads=0
2025/03/02 18:06:53.772 [INFO]         Initializing loudness scanning, song gain control, and sound group level control...
2025/03/02 18:06:53.779 [INFO]             LoudnessMetadataScanner.StartBackgroundScanning: BS1770GAIN is not available. A background scanning thread will not be started.
2025/03/02 18:06:53.785 [INFO]         Initialized loudness scanning, song gain control, and sound group level control.
2025/03/02 18:06:53.787 [INFO]         サウンドデバイスの初期化を完了しました。
2025/03/02 18:06:53.787 [INFO]     曲リストの初期化を行います。
2025/03/02 18:06:53.788 [INFO]         曲リストの初期化を完了しました。
SORT MENU: Cacheにヒットせず。(cachesize=1)
絶対パス: Cacheにヒットせず。(cachesize=2)
曲名: Cacheにヒットせず。(cachesize=3)
作者名: Cacheにヒットせず。(cachesize=4)
表示レベル: Cacheにヒットせず。(cachesize=5)
戻る: Cacheにヒットせず。(cachesize=6)
Quick Config: Cacheにヒットせず。(cachesize=1)
ばいそく: Cacheにヒットせず。(cachesize=2)
演奏速度: Cacheにヒットせず。(cachesize=3)
ランダム: Cacheにヒットせず。(cachesize=4)
ドロン: Cacheにヒットせず。(cachesize=5)
ゲーム: Cacheにヒットせず。(cachesize=6)
ShinuchiMode: Cacheにヒットせず。(cachesize=7)
PlayerCount: Cacheにヒットせず。(cachesize=8)
More...: Cacheにヒットせず。(cachesize=9)
戻る: Cacheにヒットせず。(cachesize=10)
ポーズ: Cacheにヒットせず。(cachesize=1)
もどる: Cacheにヒットせず。(cachesize=2)
やりなおす: Cacheにヒットせず。(cachesize=3)
演奏中止: Cacheにヒットせず。(cachesize=4)
Sample: Cacheにヒットせず。(cachesize=1)
Debugger 1: Cacheにヒットせず。(cachesize=1)
初心者: Cacheにヒットせず。(cachesize=2)
2P: Cacheにヒットせず。(cachesize=1)
3P: Cacheにヒットせず。(cachesize=1)
4P: Cacheにヒットせず。(cachesize=1)
5P: Cacheにヒットせず。(cachesize=1)
2025/03/02 18:06:53.915 [INFO]     プラグインの検索と生成を行います。
2025/03/02 18:06:53.916 [WARNING]         The plugin folder does not exist. (C:\Users\kirei\Documents\GitHub\L-Taiko-Build\Plugins\)
2025/03/02 18:06:53.916 [INFO]         プラグインの検索と生成を完了しました。
2025/03/02 18:06:53.923 [INFO]     アプリケーションの初期化を完了しました。
2025/03/02 18:06:53.923 [INFO]     ----------------------
2025/03/02 18:06:53.923 [INFO]     ■ 起動
2025/03/02 18:06:53.924 [INFO]     起動ステージを活性化します。
2025/03/02 18:06:53.927 [INFO]         起動ステージの活性化を完了しました。
2025/03/02 18:06:53.967 [INFO]     0) システムサウンドを構築します。
2025/03/02 18:06:53.967 [WARNING]     ファイルが存在しません。: Sounds\BGM\Setup.ogg
2025/03/02 18:06:54.090 [INFO]     システムサウンドを読み込みました。(Sounds\Move.wav)
2025/03/02 18:06:54.090 [INFO]     システムサウンドを読み込みました。(Sounds\Decide.wav)
2025/03/02 18:06:54.091 [INFO]     システムサウンドを読み込みました。(Sounds\Change.wav)
2025/03/02 18:06:54.091 [INFO]     システムサウンドを読み込みました。(Sounds\Cancel.wav)
2025/03/02 18:06:54.092 [WARNING]     ファイルが存在しません。: Sounds\Audience.ogg
2025/03/02 18:06:54.092 [INFO]     システムサウンドを読み込みました。(Sounds\Audience.ogg)
2025/03/02 18:06:54.092 [WARNING]     ファイルが存在しません。: Sounds\Game start.ogg
2025/03/02 18:06:54.092 [INFO]     システムサウンドを読み込みました。(Sounds\Game start.ogg)
2025/03/02 18:06:54.092 [WARNING]     ファイルが存在しません。: Sounds\Full combo.ogg
2025/03/02 18:06:54.092 [INFO]     システムサウンドを読み込みました。(Sounds\Full combo.ogg)
2025/03/02 18:06:54.093 [INFO]     CSound.GroupLevel set: 90
2025/03/02 18:06:54.094 [INFO]     CSound.SetVolume: Gain:0. Automation Level: 0. Group Level: -0.9151498112135024. Summed Gain: -0.9151498112135024. Safe True Peak Gain: 0. Final Gain: -0.9151498112135024.
2025/03/02 18:06:54.095 [INFO]     CSound.GroupLevel set: 90
2025/03/02 18:06:54.095 [INFO]     CSound.SetVolume: Gain:0. Automation Level: 0. Group Level: -0.9151498112135024. Summed Gain: -0.9151498112135024. Safe True Peak Gain: 0. Final Gain: -0.9151498112135024.
2025/03/02 18:06:54.095 [INFO]     システムサウンドを読み込みました。(Sounds\BGM\Title.ogg)
2025/03/02 18:06:54.096 [INFO]     CSound.GroupLevel set: 90
2025/03/02 18:06:54.096 [INFO]     CSound.SetVolume: Gain:0. Automation Level: 0. Group Level: -0.9151498112135024. Summed Gain: -0.9151498112135024. Safe True Peak Gain: 0. Final Gain: -0.9151498112135024.
2025/03/02 18:06:54.097 [INFO]     CSound.GroupLevel set: 90
2025/03/02 18:06:54.097 [INFO]     CSound.SetVolume: Gain:0. Automation Level: 0. Group Level: -0.9151498112135024. Summed Gain: -0.9151498112135024. Safe True Peak Gain: 0. Final Gain: -0.9151498112135024.
2025/03/02 18:06:54.097 [INFO]     システムサウンドを読み込みました。(Sounds\BGM\SongSelect.ogg)
2025/03/02 18:06:54.098 [INFO]     システムサウンドを読み込みました。(Sounds\balloon.wav)
2025/03/02 18:06:54.098 [INFO]     システムサウンドを読み込みました。(Sounds\SongDecide.wav)
2025/03/02 18:06:54.099 [INFO]     CSound.GroupLevel set: 90
2025/03/02 18:06:54.099 [INFO]     CSound.SetVolume: Gain:0. Automation Level: 0. Group Level: -0.9151498112135024. Summed Gain: -0.9151498112135024. Safe True Peak Gain: 0. Final Gain: -0.9151498112135024.
2025/03/02 18:06:54.100 [INFO]     CSound.GroupLevel set: 90
2025/03/02 18:06:54.100 [INFO]     CSound.SetVolume: Gain:0. Automation Level: 0. Group Level: -0.9151498112135024. Summed Gain: -0.9151498112135024. Safe True Peak Gain: 0. Final Gain: -0.9151498112135024.
2025/03/02 18:06:54.100 [INFO]     システムサウンドを読み込みました。(Sounds\BGM\Result_In.ogg)
2025/03/02 18:06:54.100 [WARNING]     ファイルが存在しません。: Sounds\Resume.ogg
2025/03/02 18:06:54.101 [INFO]     システムサウンドを読み込みました。(Sounds\Resume.ogg)
2025/03/02 18:06:54.101 [WARNING]     ファイルが存在しません。: Sounds\Pause.ogg
2025/03/02 18:06:54.101 [INFO]     システムサウンドを読み込みました。(Sounds\Pause.ogg)
2025/03/02 18:06:54.101 [WARNING]     ファイルが存在しません。: Sounds\Scroll.ogg
2025/03/02 18:06:54.101 [INFO]     システムサウンドを読み込みました。(Sounds\Scroll.ogg)
2025/03/02 18:06:54.101 [WARNING]     ファイルが存在しません。: Sounds\Jump Point.ogg
2025/03/02 18:06:54.101 [INFO]     システムサウンドを読み込みました。(Sounds\Jump Point.ogg)
2025/03/02 18:06:54.101 [WARNING]     ファイルが存在しません。: Sounds\Traning Skip.ogg
2025/03/02 18:06:54.101 [INFO]     システムサウンドを読み込みました。(Sounds\Traning Skip.ogg)
2025/03/02 18:06:54.101 [INFO] 起動所要時間: 00:00:00.1341514
2025/03/02 18:06:54.204 [WARNING] テクスチャファイルが見つかりませんでした。(C:\Users\kirei\Documents\GitHub\L-Taiko-Build\System\L-Taiko-R\Graphics\Overlay.png)
2025/03/02 18:06:54.278 [WARNING] テクスチャファイルが見つかりませんでした。(C:\Users\kirei\Documents\GitHub\L-Taiko-Build\System\L-Taiko-R\Graphics\1P_NamePlate.png)
2025/03/02 18:06:54.278 [WARNING] テクスチャファイルが見つかりませんでした。(C:\Users\kirei\Documents\GitHub\L-Taiko-Build\System\L-Taiko-R\Graphics\2P_NamePlate.png)
2025/03/02 18:06:54.304 [WARNING] テクスチャファイルが見つかりませんでした。(C:\Users\kirei\Documents\GitHub\L-Taiko-Build\System\L-Taiko-R\Graphics\9_NamePlateEffect\Title\0\Big.png)
2025/03/02 18:06:54.304 [WARNING] テクスチャファイルが見つかりませんでした。(C:\Users\kirei\Documents\GitHub\L-Taiko-Build\System\L-Taiko-R\Graphics\9_NamePlateEffect\Title\0\Small.png)
2025/03/02 18:06:54.304 [WARNING] テクスチャファイルが見つかりませんでした。(C:\Users\kirei\Documents\GitHub\L-Taiko-Build\System\L-Taiko-R\Graphics\9_NamePlateEffect\Title\0\Tiny.png)
2025/03/02 18:06:54.600 [WARNING] テクスチャファイルが見つかりませんでした。(C:\Users\kirei\Documents\GitHub\L-Taiko-Build\System\L-Taiko-R\Graphics\9_NamePlateEffect\Title\3\Big.png)
2025/03/02 18:06:54.600 [WARNING] テクスチャファイルが見つかりませんでした。(C:\Users\kirei\Documents\GitHub\L-Taiko-Build\System\L-Taiko-R\Graphics\9_NamePlateEffect\Title\3\Small.png)
2025/03/02 18:06:54.601 [WARNING] テクスチャファイルが見つかりませんでした。(C:\Users\kirei\Documents\GitHub\L-Taiko-Build\System\L-Taiko-R\Graphics\9_NamePlateEffect\Title\3\Tiny.png)
2025/03/02 18:06:55.159 [WARNING] テクスチャファイルが見つかりませんでした。(C:\Users\kirei\Documents\GitHub\L-Taiko-Build\System\L-Taiko-R\Graphics\9_NamePlateEffect\Title\4\Big.png)
2025/03/02 18:06:55.159 [WARNING] テクスチャファイルが見つかりませんでした。(C:\Users\kirei\Documents\GitHub\L-Taiko-Build\System\L-Taiko-R\Graphics\9_NamePlateEffect\Title\4\Small.png)
2025/03/02 18:06:55.159 [WARNING] テクスチャファイルが見つかりませんでした。(C:\Users\kirei\Documents\GitHub\L-Taiko-Build\System\L-Taiko-R\Graphics\9_NamePlateEffect\Title\4\Tiny.png)
2025/03/02 18:06:56.026 [WARNING] テクスチャファイルが見つかりませんでした。(C:\Users\kirei\Documents\GitHub\L-Taiko-Build\System\L-Taiko-R\Graphics\1_Title\ModeSelect_Bar_Chara_8.png)
2025/03/02 18:06:56.026 [WARNING] テクスチャファイルが見つかりませんでした。(C:\Users\kirei\Documents\GitHub\L-Taiko-Build\System\L-Taiko-R\Graphics\1_Title\ModeSelect_Bar_Chara_9.png)
2025/03/02 18:06:56.026 [WARNING] テクスチャファイルが見つかりませんでした。(C:\Users\kirei\Documents\GitHub\L-Taiko-Build\System\L-Taiko-R\Graphics\1_Title\ModeSelect_Bar_Chara_10.png)
2025/03/02 18:06:56.026 [WARNING] テクスチャファイルが見つかりませんでした。(C:\Users\kirei\Documents\GitHub\L-Taiko-Build\System\L-Taiko-R\Graphics\1_Title\ModeSelect_Bar_Chara_11.png)
2025/03/02 18:06:56.026 [WARNING] テクスチャファイルが見つかりませんでした。(C:\Users\kirei\Documents\GitHub\L-Taiko-Build\System\L-Taiko-R\Graphics\1_Title\ModeSelect_Bar_Chara_12.png)
2025/03/02 18:06:56.026 [WARNING] テクスチャファイルが見つかりませんでした。(C:\Users\kirei\Documents\GitHub\L-Taiko-Build\System\L-Taiko-R\Graphics\1_Title\ModeSelect_Bar_Chara_13.png)
2025/03/02 18:06:56.164 [WARNING] テクスチャファイルが見つかりませんでした。(C:\Users\kirei\Documents\GitHub\L-Taiko-Build\System\L-Taiko-R\Graphics\3_SongSelect\Footer.png)
2025/03/02 18:06:56.176 [WARNING] テクスチャファイルが見つかりませんでした。(C:\Users\kirei\Documents\GitHub\L-Taiko-Build\System\L-Taiko-R\Graphics\3_SongSelect\Level.png)
2025/03/02 18:06:56.189 [WARNING] テクスチャファイルが見つかりませんでした。(C:\Users\kirei\Documents\GitHub\L-Taiko-Build\System\L-Taiko-R\Graphics\3_SongSelect\Bar_Center.png)
2025/03/02 18:06:56.189 [WARNING] テクスチャファイルが見つかりませんでした。(C:\Users\kirei\Documents\GitHub\L-Taiko-Build\System\L-Taiko-R\Graphics\3_SongSelect\Lock.png)
2025/03/02 18:06:56.218 [WARNING] テクスチャファイルが見つかりませんでした。(C:\Users\kirei\Documents\GitHub\L-Taiko-Build\System\L-Taiko-R\Graphics\3_SongSelect\Frame_Score_Dan.png)
2025/03/02 18:06:56.218 [WARNING] テクスチャファイルが見つかりませんでした。(C:\Users\kirei\Documents\GitHub\L-Taiko-Build\System\L-Taiko-R\Graphics\3_SongSelect\Tower_Side.png)
2025/03/02 18:06:56.218 [WARNING] テクスチャファイルが見つかりませんでした。(C:\Users\kirei\Documents\GitHub\L-Taiko-Build\System\L-Taiko-R\Graphics\3_SongSelect\Frame_Box.png)
2025/03/02 18:06:56.218 [WARNING] テクスチャファイルが見つかりませんでした。(C:\Users\kirei\Documents\GitHub\L-Taiko-Build\System\L-Taiko-R\Graphics\3_SongSelect\Frame_BackBox.png)
2025/03/02 18:06:56.218 [WARNING] テクスチャファイルが見つかりませんでした。(C:\Users\kirei\Documents\GitHub\L-Taiko-Build\System\L-Taiko-R\Graphics\3_SongSelect\Frame_Random.png)
2025/03/02 18:06:56.223 [WARNING] テクスチャファイルが見つかりませんでした。(C:\Users\kirei\Documents\GitHub\L-Taiko-Build\System\L-Taiko-R\Graphics\3_SongSelect\Bar_Genre_Locked.png)
2025/03/02 18:06:56.228 [WARNING] テクスチャファイルが見つかりませんでした。(C:\Users\kirei\Documents\GitHub\L-Taiko-Build\System\L-Taiko-R\Graphics\3_SongSelect\Bar_Genre_RecentryPlaySong.png)
2025/03/02 18:06:56.266 [WARNING] テクスチャファイルが見つかりませんでした。(C:\Users\kirei\Documents\GitHub\L-Taiko-Build\System\L-Taiko-R\Graphics\3_SongSelect\Level_Number_Big.png)
2025/03/02 18:06:56.267 [WARNING] テクスチャファイルが見つかりませんでした。(C:\Users\kirei\Documents\GitHub\L-Taiko-Build\System\L-Taiko-R\Graphics\3_SongSelect\Level_Number_Big_Colored.png)
2025/03/02 18:06:56.267 [WARNING] テクスチャファイルが見つかりませんでした。(C:\Users\kirei\Documents\GitHub\L-Taiko-Build\System\L-Taiko-R\Graphics\3_SongSelect\Level_Number_Colored.png)
2025/03/02 18:06:56.267 [WARNING] テクスチャファイルが見つかりませんでした。(C:\Users\kirei\Documents\GitHub\L-Taiko-Build\System\L-Taiko-R\Graphics\3_SongSelect\Level_Number_Big_Icon.png)
2025/03/02 18:06:56.267 [WARNING] テクスチャファイルが見つかりませんでした。(C:\Users\kirei\Documents\GitHub\L-Taiko-Build\System\L-Taiko-R\Graphics\3_SongSelect\Level_Number_Icon.png)
2025/03/02 18:06:56.267 [WARNING] テクスチャファイルが見つかりませんでした。(C:\Users\kirei\Documents\GitHub\L-Taiko-Build\System\L-Taiko-R\Graphics\3_SongSelect\Bpm_Number.png)
2025/03/02 18:06:56.318 [WARNING] テクスチャファイルが見つかりませんでした。(C:\Users\kirei\Documents\GitHub\L-Taiko-Build\System\L-Taiko-R\Graphics\3_SongSelect\Explicit.png)
2025/03/02 18:06:56.319 [WARNING] テクスチャファイルが見つかりませんでした。(C:\Users\kirei\Documents\GitHub\L-Taiko-Build\System\L-Taiko-R\Graphics\3_SongSelect\Movie.png)
2025/03/02 18:06:56.370 [WARNING] テクスチャファイルが見つかりませんでした。(C:\Users\kirei\Documents\GitHub\L-Taiko-Build\System\L-Taiko-R\Graphics\3_SongSelect\Difficulty_Cymbol.png)
2025/03/02 18:06:56.461 [WARNING] テクスチャファイルが見つかりませんでした。(C:\Users\kirei\Documents\GitHub\L-Taiko-Build\System\L-Taiko-R\Graphics\3_SongSelect\ScoreWindow_0.png)
2025/03/02 18:06:56.461 [WARNING] テクスチャファイルが見つかりませんでした。(C:\Users\kirei\Documents\GitHub\L-Taiko-Build\System\L-Taiko-R\Graphics\3_SongSelect\ScoreWindow_1.png)
2025/03/02 18:06:56.461 [WARNING] テクスチャファイルが見つかりませんでした。(C:\Users\kirei\Documents\GitHub\L-Taiko-Build\System\L-Taiko-R\Graphics\3_SongSelect\ScoreWindow_2.png)
2025/03/02 18:06:56.461 [WARNING] テクスチャファイルが見つかりませんでした。(C:\Users\kirei\Documents\GitHub\L-Taiko-Build\System\L-Taiko-R\Graphics\3_SongSelect\ScoreWindow_3.png)
2025/03/02 18:06:56.461 [WARNING] テクスチャファイルが見つかりませんでした。(C:\Users\kirei\Documents\GitHub\L-Taiko-Build\System\L-Taiko-R\Graphics\3_SongSelect\ScoreWindow_4.png)
2025/03/02 18:06:56.462 [WARNING] テクスチャファイルが見つかりませんでした。(C:\Users\kirei\Documents\GitHub\L-Taiko-Build\System\L-Taiko-R\Graphics\3_SongSelect\ScoreWindow_5.png)
2025/03/02 18:06:56.462 [WARNING] テクスチャファイルが見つかりませんでした。(C:\Users\kirei\Documents\GitHub\L-Taiko-Build\System\L-Taiko-R\Graphics\3_SongSelect\ScoreWindow_6.png)
2025/03/02 18:06:56.462 [WARNING] テクスチャファイルが見つかりませんでした。(C:\Users\kirei\Documents\GitHub\L-Taiko-Build\System\L-Taiko-R\Graphics\3_SongSelect\ScoreWindow_Text.png)
2025/03/02 18:06:58.183 [WARNING] テクスチャファイルが見つかりませんでした。(C:\Users\kirei\Documents\GitHub\L-Taiko-Build\System\L-Taiko-R\Graphics\3_SongSelect\Song_Panel\Song_Panel_Locked_Song.png)
2025/03/02 18:06:58.183 [WARNING] テクスチャファイルが見つかりませんでした。(C:\Users\kirei\Documents\GitHub\L-Taiko-Build\System\L-Taiko-R\Graphics\3_SongSelect\Song_Panel\Song_Panel_Locked_Asset.png)
2025/03/02 18:06:58.207 [WARNING] テクスチャファイルが見つかりませんでした。(C:\Users\kirei\Documents\GitHub\L-Taiko-Build\System\L-Taiko-R\Graphics\3_SongSelect\Difficulty_Select\Difficulty_Number_Colored.png)
2025/03/02 18:06:58.207 [WARNING] テクスチャファイルが見つかりませんでした。(C:\Users\kirei\Documents\GitHub\L-Taiko-Build\System\L-Taiko-R\Graphics\3_SongSelect\Difficulty_Select\Difficulty_Number_Icon.png)
2025/03/02 18:07:00.109 [WARNING] テクスチャファイルが見つかりませんでした。(C:\Users\kirei\Documents\GitHub\L-Taiko-Build\System\L-Taiko-R\Graphics\5_Game\Notes_Konga.png)
2025/03/02 18:07:00.476 [WARNING] テクスチャファイルが見つかりませんでした。(C:\Users\kirei\Documents\GitHub\L-Taiko-Build\System\L-Taiko-R\Graphics\5_Game\6_Taiko\1P_PlayerNumber.png)
2025/03/02 18:07:00.476 [WARNING] テクスチャファイルが見つかりませんでした。(C:\Users\kirei\Documents\GitHub\L-Taiko-Build\System\L-Taiko-R\Graphics\5_Game\6_Taiko\2P_PlayerNumber.png)
2025/03/02 18:07:00.476 [WARNING] テクスチャファイルが見つかりませんでした。(C:\Users\kirei\Documents\GitHub\L-Taiko-Build\System\L-Taiko-R\Graphics\5_Game\6_Taiko\3P_PlayerNumber.png)
2025/03/02 18:07:00.476 [WARNING] テクスチャファイルが見つかりませんでした。(C:\Users\kirei\Documents\GitHub\L-Taiko-Build\System\L-Taiko-R\Graphics\5_Game\6_Taiko\4P_PlayerNumber.png)
2025/03/02 18:07:00.476 [WARNING] テクスチャファイルが見つかりませんでした。(C:\Users\kirei\Documents\GitHub\L-Taiko-Build\System\L-Taiko-R\Graphics\5_Game\6_Taiko\5P_PlayerNumber.png)
2025/03/02 18:07:00.510 [WARNING] テクスチャファイルが見つかりませんでした。(C:\Users\kirei\Documents\GitHub\L-Taiko-Build\System\L-Taiko-R\Graphics\5_Game\6_Taiko\Don_Konga.png)
2025/03/02 18:07:00.510 [WARNING] テクスチャファイルが見つかりませんでした。(C:\Users\kirei\Documents\GitHub\L-Taiko-Build\System\L-Taiko-R\Graphics\5_Game\6_Taiko\Ka_Konga.png)
2025/03/02 18:07:00.526 [WARNING] テクスチャファイルが見つかりませんでした。(C:\Users\kirei\Documents\GitHub\L-Taiko-Build\System\L-Taiko-R\Graphics\5_Game\4_CourseSymbol\Easy_Back.png)
2025/03/02 18:07:00.526 [WARNING] テクスチャファイルが見つかりませんでした。(C:\Users\kirei\Documents\GitHub\L-Taiko-Build\System\L-Taiko-R\Graphics\5_Game\4_CourseSymbol\Easy_Back_Flash.png)
2025/03/02 18:07:00.532 [WARNING] テクスチャファイルが見つかりませんでした。(C:\Users\kirei\Documents\GitHub\L-Taiko-Build\System\L-Taiko-R\Graphics\5_Game\4_CourseSymbol\Normal_Back.png)
2025/03/02 18:07:00.533 [WARNING] テクスチャファイルが見つかりませんでした。(C:\Users\kirei\Documents\GitHub\L-Taiko-Build\System\L-Taiko-R\Graphics\5_Game\4_CourseSymbol\Normal_Back_Flash.png)
2025/03/02 18:07:00.539 [WARNING] テクスチャファイルが見つかりませんでした。(C:\Users\kirei\Documents\GitHub\L-Taiko-Build\System\L-Taiko-R\Graphics\5_Game\4_CourseSymbol\Hard_Back.png)
2025/03/02 18:07:00.539 [WARNING] テクスチャファイルが見つかりませんでした。(C:\Users\kirei\Documents\GitHub\L-Taiko-Build\System\L-Taiko-R\Graphics\5_Game\4_CourseSymbol\Hard_Back_Flash.png)
2025/03/02 18:07:00.542 [WARNING] テクスチャファイルが見つかりませんでした。(C:\Users\kirei\Documents\GitHub\L-Taiko-Build\System\L-Taiko-R\Graphics\5_Game\4_CourseSymbol\Oni_Back.png)
2025/03/02 18:07:00.542 [WARNING] テクスチャファイルが見つかりませんでした。(C:\Users\kirei\Documents\GitHub\L-Taiko-Build\System\L-Taiko-R\Graphics\5_Game\4_CourseSymbol\Oni_Back_Flash.png)
2025/03/02 18:07:00.547 [WARNING] テクスチャファイルが見つかりませんでした。(C:\Users\kirei\Documents\GitHub\L-Taiko-Build\System\L-Taiko-R\Graphics\5_Game\4_CourseSymbol\Edit_Back.png)
2025/03/02 18:07:00.547 [WARNING] テクスチャファイルが見つかりませんでした。(C:\Users\kirei\Documents\GitHub\L-Taiko-Build\System\L-Taiko-R\Graphics\5_Game\4_CourseSymbol\Edit_Back_Flash.png)
2025/03/02 18:07:00.547 [WARNING] テクスチャファイルが見つかりませんでした。(C:\Users\kirei\Documents\GitHub\L-Taiko-Build\System\L-Taiko-R\Graphics\5_Game\4_CourseSymbol\Tower.png)
2025/03/02 18:07:00.547 [WARNING] テクスチャファイルが見つかりませんでした。(C:\Users\kirei\Documents\GitHub\L-Taiko-Build\System\L-Taiko-R\Graphics\5_Game\4_CourseSymbol\Tower_Back.png)
2025/03/02 18:07:00.547 [WARNING] テクスチャファイルが見つかりませんでした。(C:\Users\kirei\Documents\GitHub\L-Taiko-Build\System\L-Taiko-R\Graphics\5_Game\4_CourseSymbol\Tower_Back_Flash.png)
2025/03/02 18:07:00.547 [WARNING] テクスチャファイルが見つかりませんでした。(C:\Users\kirei\Documents\GitHub\L-Taiko-Build\System\L-Taiko-R\Graphics\5_Game\4_CourseSymbol\Dan.png)
2025/03/02 18:07:00.547 [WARNING] テクスチャファイルが見つかりませんでした。(C:\Users\kirei\Documents\GitHub\L-Taiko-Build\System\L-Taiko-R\Graphics\5_Game\4_CourseSymbol\Dan_Back.png)
2025/03/02 18:07:00.547 [WARNING] テクスチャファイルが見つかりませんでした。(C:\Users\kirei\Documents\GitHub\L-Taiko-Build\System\L-Taiko-R\Graphics\5_Game\4_CourseSymbol\Dan_Back_Flash.png)
2025/03/02 18:07:00.548 [WARNING] テクスチャファイルが見つかりませんでした。(C:\Users\kirei\Documents\GitHub\L-Taiko-Build\System\L-Taiko-R\Graphics\5_Game\4_CourseSymbol\Shin.png)
2025/03/02 18:07:00.548 [WARNING] テクスチャファイルが見つかりませんでした。(C:\Users\kirei\Documents\GitHub\L-Taiko-Build\System\L-Taiko-R\Graphics\5_Game\4_CourseSymbol\Shin_Back.png)
2025/03/02 18:07:00.548 [WARNING] テクスチャファイルが見つかりませんでした。(C:\Users\kirei\Documents\GitHub\L-Taiko-Build\System\L-Taiko-R\Graphics\5_Game\4_CourseSymbol\Shin_Back_Flash.png)
2025/03/02 18:07:00.588 [WARNING] テクスチャファイルが見つかりませんでした。(C:\Users\kirei\Documents\GitHub\L-Taiko-Build\System\L-Taiko-R\Graphics\5_Game\6_Taiko\Combo_Huge.png)
2025/03/02 18:07:00.606 [WARNING] テクスチャファイルが見つかりませんでした。(C:\Users\kirei\Documents\GitHub\L-Taiko-Build\System\L-Taiko-R\Graphics\5_Game\6_Taiko\Combo_Guide0.png)
2025/03/02 18:07:00.606 [WARNING] テクスチャファイルが見つかりませんでした。(C:\Users\kirei\Documents\GitHub\L-Taiko-Build\System\L-Taiko-R\Graphics\5_Game\6_Taiko\Combo_Guide1.png)
2025/03/02 18:07:00.606 [WARNING] テクスチャファイルが見つかりませんでした。(C:\Users\kirei\Documents\GitHub\L-Taiko-Build\System\L-Taiko-R\Graphics\5_Game\6_Taiko\Combo_Guide2.png)
2025/03/02 18:07:02.570 [WARNING] テクスチャファイルが見つかりませんでした。(C:\Users\kirei\Documents\GitHub\L-Taiko-Build\System\L-Taiko-R\Graphics\5_Game\12_Lane\Clap.png)
2025/03/02 18:07:02.651 [WARNING] テクスチャファイルが見つかりませんでした。(C:\Users\kirei\Documents\GitHub\L-Taiko-Build\System\L-Taiko-R\Graphics\5_Game\15_Failed\Game.png)
2025/03/02 18:07:02.651 [WARNING] テクスチャファイルが見つかりませんでした。(C:\Users\kirei\Documents\GitHub\L-Taiko-Build\System\L-Taiko-R\Graphics\5_Game\15_Failed\Stage.png)
2025/03/02 18:07:02.715 [WARNING] テクスチャファイルが見つかりませんでした。(C:\Users\kirei\Documents\GitHub\L-Taiko-Build\System\L-Taiko-R\Graphics\5_Game\17_DanC\Gauge_Flush.png)
2025/03/02 18:07:02.763 [WARNING] テクスチャファイルが見つかりませんでした。(C:\Users\kirei\Documents\GitHub\L-Taiko-Build\System\L-Taiko-R\Graphics\5_Game\17_DanC\ExamUnit.png)
2025/03/02 18:07:02.790 [WARNING] テクスチャファイルが見つかりませんでした。(C:\Users\kirei\Documents\GitHub\L-Taiko-Build\Global\PuchiChara\00 - None\Chara.png)
2025/03/02 18:07:02.790 [WARNING] テクスチャファイルが見つかりませんでした。(C:\Users\kirei\Documents\GitHub\L-Taiko-Build\Global\PuchiChara\00 - None\Render.png)
2025/03/02 18:07:02.799 [WARNING] テクスチャファイルが見つかりませんでした。(C:\Users\kirei\Documents\GitHub\L-Taiko-Build\Global\PuchiChara\01 - Template\Render.png)
2025/03/02 18:07:02.811 [WARNING] テクスチャファイルが見つかりませんでした。(C:\Users\kirei\Documents\GitHub\L-Taiko-Build\Global\PuchiChara\Arashi\Render.png)
2025/03/02 18:07:02.819 [WARNING] テクスチャファイルが見つかりませんでした。(C:\Users\kirei\Documents\GitHub\L-Taiko-Build\Global\PuchiChara\D01 - Dashy\Render.png)
2025/03/02 18:07:02.824 [WARNING] テクスチャファイルが見つかりませんでした。(C:\Users\kirei\Documents\GitHub\L-Taiko-Build\Global\PuchiChara\D02 - Dashy Lost\Render.png)
2025/03/02 18:07:02.832 [WARNING] テクスチャファイルが見つかりませんでした。(C:\Users\kirei\Documents\GitHub\L-Taiko-Build\Global\PuchiChara\Fox Kabuki Kid\Render.png)
2025/03/02 18:07:02.840 [WARNING] テクスチャファイルが見つかりませんでした。(C:\Users\kirei\Documents\GitHub\L-Taiko-Build\Global\PuchiChara\Fuuga\Render.png)
2025/03/02 18:07:02.852 [WARNING] テクスチャファイルが見つかりませんでした。(C:\Users\kirei\Documents\GitHub\L-Taiko-Build\Global\PuchiChara\Fuuga and Mirai\Render.png)
2025/03/02 18:07:02.860 [WARNING] テクスチャファイルが見つかりませんでした。(C:\Users\kirei\Documents\GitHub\L-Taiko-Build\Global\PuchiChara\Hyottoko Kabuki Kid\Render.png)
2025/03/02 18:07:02.869 [WARNING] テクスチャファイルが見つかりませんでした。(C:\Users\kirei\Documents\GitHub\L-Taiko-Build\Global\PuchiChara\Lantern Eel\Render.png)
2025/03/02 18:07:02.877 [WARNING] テクスチャファイルが見つかりませんでした。(C:\Users\kirei\Documents\GitHub\L-Taiko-Build\Global\PuchiChara\Maou\Render.png)
2025/03/02 18:07:02.885 [WARNING] テクスチャファイルが見つかりませんでした。(C:\Users\kirei\Documents\GitHub\L-Taiko-Build\Global\PuchiChara\Mirai\Render.png)
2025/03/02 18:07:02.890 [WARNING] テクスチャファイルが見つかりませんでした。(C:\Users\kirei\Documents\GitHub\L-Taiko-Build\Global\PuchiChara\Neko and Shaxy\Render.png)
2025/03/02 18:07:02.898 [WARNING] テクスチャファイルが見つかりませんでした。(C:\Users\kirei\Documents\GitHub\L-Taiko-Build\Global\PuchiChara\Okame Kabuki Kid\Render.png)
2025/03/02 18:07:02.902 [WARNING] テクスチャファイルが見つかりませんでした。(C:\Users\kirei\Documents\GitHub\L-Taiko-Build\Global\PuchiChara\Princess Soprano\Render.png)
2025/03/02 18:07:02.915 [WARNING] テクスチャファイルが見つかりませんでした。(C:\Users\kirei\Documents\GitHub\L-Taiko-Build\Global\PuchiChara\Princess Soprano and Ralco\Render.png)
2025/03/02 18:07:02.923 [WARNING] テクスチャファイルが見つかりませんでした。(C:\Users\kirei\Documents\GitHub\L-Taiko-Build\Global\PuchiChara\Ralco\Render.png)
2025/03/02 18:07:02.931 [WARNING] テクスチャファイルが見つかりませんでした。(C:\Users\kirei\Documents\GitHub\L-Taiko-Build\Global\PuchiChara\Tatsu-Don\Render.png)
2025/03/02 18:07:02.932 [WARNING] テクスチャファイルが見つかりませんでした。(C:\Users\kirei\Documents\GitHub\L-Taiko-Build\System\L-Taiko-R\Graphics\5_Game\19_Training\Down.png)
2025/03/02 18:07:03.927 [WARNING] テクスチャファイルが見つかりませんでした。(C:\Users\kirei\Documents\GitHub\L-Taiko-Build\System\L-Taiko-R\Graphics\6_Result\Dan.png)
2025/03/02 18:07:04.124 [WARNING] テクスチャファイルが見つかりませんでした。(C:\Users\kirei\Documents\GitHub\L-Taiko-Build\System\L-Taiko-R\Graphics\6_Result\Speech_Bubble_V2_Left.png)
2025/03/02 18:07:04.124 [WARNING] テクスチャファイルが見つかりませんでした。(C:\Users\kirei\Documents\GitHub\L-Taiko-Build\System\L-Taiko-R\Graphics\6_Result\Speech_Bubble_V2_Right.png)
2025/03/02 18:07:04.124 [WARNING] テクスチャファイルが見つかりませんでした。(C:\Users\kirei\Documents\GitHub\L-Taiko-Build\System\L-Taiko-R\Graphics\6_Result\Speech_Bubble_V2_4P_5P.png)
2025/03/02 18:07:04.516 [WARNING] テクスチャファイルが見つかりませんでした。(C:\Users\kirei\Documents\GitHub\L-Taiko-Build\System\L-Taiko-R\Graphics\6_Result\Crown\Crown_0.png)
2025/03/02 18:07:04.516 [WARNING] テクスチャファイルが見つかりませんでした。(C:\Users\kirei\Documents\GitHub\L-Taiko-Build\System\L-Taiko-R\Graphics\6_Result\Crown\Crown_1.png)
2025/03/02 18:07:04.516 [WARNING] テクスチャファイルが見つかりませんでした。(C:\Users\kirei\Documents\GitHub\L-Taiko-Build\System\L-Taiko-R\Graphics\6_Result\Crown\Crown_2.png)
2025/03/02 18:07:05.090 [WARNING] テクスチャファイルが見つかりませんでした。(C:\Users\kirei\Documents\GitHub\L-Taiko-Build\System\L-Taiko-R\Graphics\10_Heya\Render_Field.png)
